;  LST file generated by mikroListExporter - v.2.0 
; Date/Time: 1/14/2026 11:46:47 PM
;----------------------------------------------

;Address Opcode 	ASM
0x0000	0x2956      	GOTO       342
_interrupt:
0x0004	0x00FF      	MOVWF      R15
0x0005	0x0E03      	SWAPF      STATUS, 0
0x0006	0x0183      	CLRF       STATUS
0x0007	0x00BE      	MOVWF      ___saveSTATUS
0x0008	0x080A      	MOVF       PCLATH, 0
0x0009	0x00BD      	MOVWF      ___savePCLATH
0x000A	0x018A      	CLRF       PCLATH
0x000B	0x0870      	MOVF       R0, 0
0x000C	0x00A0      	MOVWF      32
;embedproj_kinan.c,67 :: 		void interrupt(void){
;embedproj_kinan.c,68 :: 		if(INTCON & 0x04){
0x000D	0x1D0B      	BTFSS      INTCON, 2
0x000E	0x2844      	GOTO       L_interrupt13
;embedproj_kinan.c,69 :: 		TMR0 = 231;
0x000F	0x30E7      	MOVLW      231
0x0010	0x0081      	MOVWF      TMR0
;embedproj_kinan.c,71 :: 		tickCounter++;
0x0011	0x0AA7      	INCF       _tickCounter, 1
0x0012	0x1903      	BTFSC      STATUS, 2
0x0013	0x0AA8      	INCF       _tickCounter+1, 1
;embedproj_kinan.c,72 :: 		if(tickCounter < servoPulse) PORTB |= 0x80;
0x0014	0x082A      	MOVF       _servoPulse+1, 0
0x0015	0x0228      	SUBWF      _tickCounter+1, 0
0x0016	0x1D03      	BTFSS      STATUS, 2
0x0017	0x281A      	GOTO       L__interrupt69
0x0018	0x0829      	MOVF       _servoPulse, 0
0x0019	0x0227      	SUBWF      _tickCounter, 0
L__interrupt69:
0x001A	0x1803      	BTFSC      STATUS, 0
0x001B	0x281E      	GOTO       L_interrupt14
0x001C	0x1786      	BSF        PORTB, 7
0x001D	0x2820      	GOTO       L_interrupt15
L_interrupt14:
;embedproj_kinan.c,73 :: 		else PORTB &= 0x7F;
0x001E	0x307F      	MOVLW      127
0x001F	0x0586      	ANDWF      PORTB, 1
L_interrupt15:
;embedproj_kinan.c,75 :: 		if(tickCounter >= 200) tickCounter = 0;
0x0020	0x3000      	MOVLW      0
0x0021	0x0228      	SUBWF      _tickCounter+1, 0
0x0022	0x1D03      	BTFSS      STATUS, 2
0x0023	0x2826      	GOTO       L__interrupt70
0x0024	0x30C8      	MOVLW      200
0x0025	0x0227      	SUBWF      _tickCounter, 0
L__interrupt70:
0x0026	0x1C03      	BTFSS      STATUS, 0
0x0027	0x282A      	GOTO       L_interrupt16
0x0028	0x01A7      	CLRF       _tickCounter
0x0029	0x01A8      	CLRF       _tickCounter+1
L_interrupt16:
;embedproj_kinan.c,76 :: 		if(delayTicks > 0) delayTicks--;
0x002A	0x0824      	MOVF       _delayTicks+3, 0
0x002B	0x3C00      	SUBLW      0
0x002C	0x1D03      	BTFSS      STATUS, 2
0x002D	0x2838      	GOTO       L__interrupt71
0x002E	0x0823      	MOVF       _delayTicks+2, 0
0x002F	0x3C00      	SUBLW      0
0x0030	0x1D03      	BTFSS      STATUS, 2
0x0031	0x2838      	GOTO       L__interrupt71
0x0032	0x0822      	MOVF       _delayTicks+1, 0
0x0033	0x3C00      	SUBLW      0
0x0034	0x1D03      	BTFSS      STATUS, 2
0x0035	0x2838      	GOTO       L__interrupt71
0x0036	0x0821      	MOVF       _delayTicks, 0
0x0037	0x3C00      	SUBLW      0
L__interrupt71:
0x0038	0x1803      	BTFSC      STATUS, 0
0x0039	0x2842      	GOTO       L_interrupt17
0x003A	0x3001      	MOVLW      1
0x003B	0x02A1      	SUBWF      _delayTicks, 1
0x003C	0x1C03      	BTFSS      STATUS, 0
0x003D	0x02A2      	SUBWF      _delayTicks+1, 1
0x003E	0x1C03      	BTFSS      STATUS, 0
0x003F	0x02A3      	SUBWF      _delayTicks+2, 1
0x0040	0x1C03      	BTFSS      STATUS, 0
0x0041	0x02A4      	SUBWF      _delayTicks+3, 1
L_interrupt17:
;embedproj_kinan.c,77 :: 		INTCON &= 0xFB;
0x0042	0x30FB      	MOVLW      251
0x0043	0x058B      	ANDWF      INTCON, 1
;embedproj_kinan.c,78 :: 		}
L_interrupt13:
;embedproj_kinan.c,79 :: 		}
L_end_interrupt:
L__interrupt68:
0x0044	0x0820      	MOVF       32, 0
0x0045	0x00F0      	MOVWF      R0
0x0046	0x083D      	MOVF       ___savePCLATH, 0
0x0047	0x008A      	MOVWF      PCLATH
0x0048	0x0E3E      	SWAPF      ___saveSTATUS, 0
0x0049	0x0083      	MOVWF      STATUS
0x004A	0x0EFF      	SWAPF      R15, 1
0x004B	0x0E7F      	SWAPF      R15, 0
0x004C	0x0009      	RETFIE
; end of _interrupt
_Div_16X16_U:
;__Lib_Math.c,215 :: 		
;__Lib_Math.c,222 :: 		
0x004D	0x1283      	BCF        STATUS, 5
;__Lib_Math.c,223 :: 		
0x004E	0x1303      	BCF        STATUS, 6
;__Lib_Math.c,224 :: 		
0x004F	0x01F8      	CLRF       R8
;__Lib_Math.c,225 :: 		
0x0050	0x01F9      	CLRF       R9
;__Lib_Math.c,226 :: 		
0x0051	0x3010      	MOVLW      16
;__Lib_Math.c,227 :: 		
0x0052	0x00FC      	MOVWF      R12
;__Lib_Math.c,228 :: 		
0x0053	0x0D71      	RLF        R1, 0
;__Lib_Math.c,229 :: 		
0x0054	0x0DF8      	RLF        R8, 1
;__Lib_Math.c,230 :: 		
0x0055	0x0DF9      	RLF        R9, 1
;__Lib_Math.c,231 :: 		
0x0056	0x0874      	MOVF       R4, 0
;__Lib_Math.c,232 :: 		
0x0057	0x02F8      	SUBWF      R8, 1
;__Lib_Math.c,233 :: 		
0x0058	0x0875      	MOVF       R5, 0
;__Lib_Math.c,234 :: 		
0x0059	0x1C03      	BTFSS      STATUS, 0
;__Lib_Math.c,235 :: 		
0x005A	0x0F75      	INCFSZ     R5, 0
;__Lib_Math.c,236 :: 		
0x005B	0x02F9      	SUBWF      R9, 1
;__Lib_Math.c,237 :: 		
0x005C	0x1803      	BTFSC      STATUS, 0
;__Lib_Math.c,238 :: 		
0x005D	0x2865      	GOTO       $+8
;__Lib_Math.c,239 :: 		
0x005E	0x0874      	MOVF       R4, 0
;__Lib_Math.c,240 :: 		
0x005F	0x07F8      	ADDWF      R8, 1
;__Lib_Math.c,241 :: 		
0x0060	0x0875      	MOVF       R5, 0
;__Lib_Math.c,242 :: 		
0x0061	0x1803      	BTFSC      STATUS, 0
;__Lib_Math.c,243 :: 		
0x0062	0x0F75      	INCFSZ     R5, 0
;__Lib_Math.c,244 :: 		
0x0063	0x07F9      	ADDWF      R9, 1
;__Lib_Math.c,245 :: 		
0x0064	0x1003      	BCF        STATUS, 0
;__Lib_Math.c,246 :: 		
0x0065	0x0DF0      	RLF        R0, 1
;__Lib_Math.c,247 :: 		
0x0066	0x0DF1      	RLF        R1, 1
;__Lib_Math.c,248 :: 		
0x0067	0x0BFC      	DECFSZ     R12, 1
;__Lib_Math.c,249 :: 		
0x0068	0x2853      	GOTO       $-21
;__Lib_Math.c,251 :: 		
L_end_Div_16X16_U:
0x0069	0x0008      	RETURN
; end of _Div_16X16_U
_Mul_16X16_U:
;__Lib_Math.c,136 :: 		
;__Lib_Math.c,143 :: 		
0x006A	0x1283      	BCF        STATUS, 5
;__Lib_Math.c,144 :: 		
0x006B	0x1303      	BCF        STATUS, 6
;__Lib_Math.c,145 :: 		
0x006C	0x01FB      	CLRF       R11
;__Lib_Math.c,146 :: 		
0x006D	0x01FA      	CLRF       R10
;__Lib_Math.c,147 :: 		
0x006E	0x01F9      	CLRF       R9
;__Lib_Math.c,148 :: 		
0x006F	0x3080      	MOVLW      128
;__Lib_Math.c,149 :: 		
0x0070	0x00F8      	MOVWF      R8
;__Lib_Math.c,150 :: 		
0x0071	0x0CF1      	RRF        R1, 1
;__Lib_Math.c,151 :: 		
0x0072	0x0CF0      	RRF        R0, 1
;__Lib_Math.c,152 :: 		
0x0073	0x1C03      	BTFSS      STATUS, 0
;__Lib_Math.c,153 :: 		
0x0074	0x287E      	GOTO       $+10
;__Lib_Math.c,154 :: 		
0x0075	0x0874      	MOVF       R4, 0
;__Lib_Math.c,155 :: 		
0x0076	0x07F9      	ADDWF      R9, 1
;__Lib_Math.c,156 :: 		
0x0077	0x0875      	MOVF       R5, 0
;__Lib_Math.c,157 :: 		
0x0078	0x1803      	BTFSC      STATUS, 0
;__Lib_Math.c,158 :: 		
0x0079	0x0F75      	INCFSZ     R5, 0
;__Lib_Math.c,159 :: 		
0x007A	0x07FA      	ADDWF      R10, 1
;__Lib_Math.c,160 :: 		
0x007B	0x1803      	BTFSC      STATUS, 0
;__Lib_Math.c,161 :: 		
0x007C	0x0AFB      	INCF       R11, 1
;__Lib_Math.c,162 :: 		
0x007D	0x1003      	BCF        STATUS, 0
;__Lib_Math.c,163 :: 		
0x007E	0x1FF0      	BTFSS      R0, 7
;__Lib_Math.c,164 :: 		
0x007F	0x2886      	GOTO       $+7
;__Lib_Math.c,165 :: 		
0x0080	0x0874      	MOVF       R4, 0
;__Lib_Math.c,166 :: 		
0x0081	0x07FA      	ADDWF      R10, 1
;__Lib_Math.c,167 :: 		
0x0082	0x0875      	MOVF       R5, 0
;__Lib_Math.c,168 :: 		
0x0083	0x1803      	BTFSC      STATUS, 0
;__Lib_Math.c,169 :: 		
0x0084	0x0F75      	INCFSZ     R5, 0
;__Lib_Math.c,170 :: 		
0x0085	0x07FB      	ADDWF      R11, 1
;__Lib_Math.c,171 :: 		
0x0086	0x0CFB      	RRF        R11, 1
;__Lib_Math.c,172 :: 		
0x0087	0x0CFA      	RRF        R10, 1
;__Lib_Math.c,173 :: 		
0x0088	0x0CF9      	RRF        R9, 1
;__Lib_Math.c,174 :: 		
0x0089	0x0CF8      	RRF        R8, 1
;__Lib_Math.c,175 :: 		
0x008A	0x1C03      	BTFSS      STATUS, 0
;__Lib_Math.c,176 :: 		
0x008B	0x2871      	GOTO       $-26
;__Lib_Math.c,177 :: 		
0x008C	0x087B      	MOVF       R11, 0
;__Lib_Math.c,178 :: 		
0x008D	0x00F3      	MOVWF      R3
;__Lib_Math.c,179 :: 		
0x008E	0x087A      	MOVF       R10, 0
;__Lib_Math.c,180 :: 		
0x008F	0x00F2      	MOVWF      R2
;__Lib_Math.c,181 :: 		
0x0090	0x0879      	MOVF       R9, 0
;__Lib_Math.c,182 :: 		
0x0091	0x00F1      	MOVWF      R1
;__Lib_Math.c,183 :: 		
0x0092	0x0878      	MOVF       R8, 0
;__Lib_Math.c,184 :: 		
0x0093	0x00F0      	MOVWF      R0
;__Lib_Math.c,187 :: 		
L_end_Mul_16X16_U:
0x0094	0x0008      	RETURN
; end of _Mul_16X16_U
_____DoICP:
;__Lib_System.c,6 :: 		
;__Lib_System.c,9 :: 		
0x0095	0x1283      	BCF        STATUS, 5
0x0096	0x1303      	BCF        STATUS, 6
0x0097	0x0838      	MOVF       ___DoICPAddr+1, 0
0x0098	0x008A      	MOVWF      PCLATH
;__Lib_System.c,10 :: 		
0x0099	0x0837      	MOVF       ___DoICPAddr, 0
0x009A	0x0082      	MOVWF      PCL
;__Lib_System.c,12 :: 		
L_end_____DoICP:
0x009B	0x0008      	RETURN
; end of _____DoICP
_m_L:
;embedproj_kinan.c,100 :: 		void m_L(int spd){
;embedproj_kinan.c,101 :: 		PORTC = (PORTC & 0b11000111) | 0b00000011;
0x009C	0x30C7      	MOVLW      199
0x009D	0x1283      	BCF        STATUS, 5
0x009E	0x1303      	BCF        STATUS, 6
0x009F	0x0507      	ANDWF      PORTC, 0
0x00A0	0x00F0      	MOVWF      R0
0x00A1	0x3003      	MOVLW      3
0x00A2	0x0470      	IORWF      R0, 0
0x00A3	0x0087      	MOVWF      PORTC
;embedproj_kinan.c,102 :: 		CCPR1L = 0; CCPR2L = spd;
0x00A4	0x0195      	CLRF       CCPR1L
0x00A5	0x083F      	MOVF       FARG_m_L_spd, 0
0x00A6	0x009B      	MOVWF      CCPR2L
;embedproj_kinan.c,103 :: 		}
L_end_m_L:
0x00A7	0x0008      	RETURN
; end of _m_L
___CC2DW:
;__Lib_System.c,134 :: 		
;__Lib_System.c,137 :: 		
_CC2D_Loop1:
;__Lib_System.c,139 :: 		
0x00A8	0x2095      	CALL       _____DoICP
0x00A9	0x118A      	BCF        PCLATH, 3
0x00AA	0x120A      	BCF        PCLATH, 4
;__Lib_System.c,141 :: 		
0x00AB	0x0080      	MOVWF      INDF
;__Lib_System.c,142 :: 		
0x00AC	0x0A84      	INCF       FSR, 1
;__Lib_System.c,143 :: 		
0x00AD	0x0AB7      	INCF       ___DoICPAddr, 1
;__Lib_System.c,145 :: 		
0x00AE	0x1903      	BTFSC      STATUS, 2
;__Lib_System.c,146 :: 		
0x00AF	0x0AB8      	INCF       ___DoICPAddr+1, 1
;__Lib_System.c,147 :: 		
0x00B0	0x03F0      	DECF       R0, 1
;__Lib_System.c,149 :: 		
0x00B1	0x1D03      	BTFSS      STATUS, 2
;__Lib_System.c,150 :: 		
0x00B2	0x28A8      	GOTO       _CC2D_Loop1
;__Lib_System.c,152 :: 		
L_end___CC2DW:
0x00B3	0x0008      	RETURN
; end of ___CC2DW
_m_F:
;embedproj_kinan.c,88 :: 		void m_F(int spd){
;embedproj_kinan.c,89 :: 		PORTC = (PORTC & 0b11010111) | 0b00010111;
0x00B4	0x30D7      	MOVLW      215
0x00B5	0x1283      	BCF        STATUS, 5
0x00B6	0x1303      	BCF        STATUS, 6
0x00B7	0x0507      	ANDWF      PORTC, 0
0x00B8	0x00F0      	MOVWF      R0
0x00B9	0x3017      	MOVLW      23
0x00BA	0x0470      	IORWF      R0, 0
0x00BB	0x0087      	MOVWF      PORTC
;embedproj_kinan.c,90 :: 		CCPR1L = spd; CCPR2L = spd;
0x00BC	0x083F      	MOVF       FARG_m_F_spd, 0
0x00BD	0x0095      	MOVWF      CCPR1L
0x00BE	0x083F      	MOVF       FARG_m_F_spd, 0
0x00BF	0x009B      	MOVWF      CCPR2L
;embedproj_kinan.c,91 :: 		}
L_end_m_F:
0x00C0	0x0008      	RETURN
; end of _m_F
_s_m:
;embedproj_kinan.c,104 :: 		void s_m(){
;embedproj_kinan.c,105 :: 		PORTC &= 0b11000000;
0x00C1	0x30C0      	MOVLW      192
0x00C2	0x1283      	BCF        STATUS, 5
0x00C3	0x1303      	BCF        STATUS, 6
0x00C4	0x0587      	ANDWF      PORTC, 1
;embedproj_kinan.c,106 :: 		CCPR1L = CCPR2L = 0;
0x00C5	0x019B      	CLRF       CCPR2L
0x00C6	0x081B      	MOVF       CCPR2L, 0
0x00C7	0x0095      	MOVWF      CCPR1L
;embedproj_kinan.c,107 :: 		}
L_end_s_m:
0x00C8	0x0008      	RETURN
; end of _s_m
_m_B:
;embedproj_kinan.c,92 :: 		void m_B(int spd){
;embedproj_kinan.c,93 :: 		PORTC = (PORTC & 0b11001011) | 0b00001011;
0x00C9	0x30CB      	MOVLW      203
0x00CA	0x1283      	BCF        STATUS, 5
0x00CB	0x1303      	BCF        STATUS, 6
0x00CC	0x0507      	ANDWF      PORTC, 0
0x00CD	0x00F0      	MOVWF      R0
0x00CE	0x300B      	MOVLW      11
0x00CF	0x0470      	IORWF      R0, 0
0x00D0	0x0087      	MOVWF      PORTC
;embedproj_kinan.c,94 :: 		CCPR1L = spd; CCPR2L = spd;
0x00D1	0x083F      	MOVF       FARG_m_B_spd, 0
0x00D2	0x0095      	MOVWF      CCPR1L
0x00D3	0x083F      	MOVF       FARG_m_B_spd, 0
0x00D4	0x009B      	MOVWF      CCPR2L
;embedproj_kinan.c,95 :: 		}
L_end_m_B:
0x00D5	0x0008      	RETURN
; end of _m_B
_ultrasonic_read:
;embedproj_kinan.c,48 :: 		unsigned int ultrasonic_read(unsigned char trig, unsigned char echo){
;embedproj_kinan.c,49 :: 		unsigned int count = 0, timeout = 60000;
0x00D6	0x1283      	BCF        STATUS, 5
0x00D7	0x1303      	BCF        STATUS, 6
0x00D8	0x01C1      	CLRF       ultrasonic_read_count_L0
0x00D9	0x01C2      	CLRF       ultrasonic_read_count_L0+1
0x00DA	0x3060      	MOVLW      96
0x00DB	0x00C3      	MOVWF      ultrasonic_read_timeout_L0
0x00DC	0x30EA      	MOVLW      234
0x00DD	0x00C4      	MOVWF      ultrasonic_read_timeout_L0+1
;embedproj_kinan.c,51 :: 		PORTB &= ~trig;
0x00DE	0x093F      	COMF       FARG_ultrasonic_read_trig, 0
0x00DF	0x00F0      	MOVWF      R0
0x00E0	0x0870      	MOVF       R0, 0
0x00E1	0x0586      	ANDWF      PORTB, 1
;embedproj_kinan.c,52 :: 		delay_us(2);
0x00E2	0x0000      	NOP
0x00E3	0x0000      	NOP
0x00E4	0x0000      	NOP
0x00E5	0x0000      	NOP
;embedproj_kinan.c,53 :: 		PORTB |= trig;
0x00E6	0x083F      	MOVF       FARG_ultrasonic_read_trig, 0
0x00E7	0x0486      	IORWF      PORTB, 1
;embedproj_kinan.c,54 :: 		delay_us(10);
0x00E8	0x3006      	MOVLW      6
0x00E9	0x00FD      	MOVWF      R13
L_ultrasonic_read6:
0x00EA	0x0BFD      	DECFSZ     R13, 1
0x00EB	0x28EA      	GOTO       L_ultrasonic_read6
0x00EC	0x0000      	NOP
;embedproj_kinan.c,55 :: 		PORTB &= ~trig;
0x00ED	0x093F      	COMF       FARG_ultrasonic_read_trig, 0
0x00EE	0x00F0      	MOVWF      R0
0x00EF	0x0870      	MOVF       R0, 0
0x00F0	0x0586      	ANDWF      PORTB, 1
;embedproj_kinan.c,57 :: 		while(!(PORTB & echo)) if(--timeout==0) return 1000;
L_ultrasonic_read7:
0x00F1	0x0840      	MOVF       FARG_ultrasonic_read_echo, 0
0x00F2	0x0506      	ANDWF      PORTB, 0
0x00F3	0x00F0      	MOVWF      R0
0x00F4	0x1D03      	BTFSS      STATUS, 2
0x00F5	0x2908      	GOTO       L_ultrasonic_read8
0x00F6	0x3001      	MOVLW      1
0x00F7	0x02C3      	SUBWF      ultrasonic_read_timeout_L0, 1
0x00F8	0x1C03      	BTFSS      STATUS, 0
0x00F9	0x03C4      	DECF       ultrasonic_read_timeout_L0+1, 1
0x00FA	0x3000      	MOVLW      0
0x00FB	0x0644      	XORWF      ultrasonic_read_timeout_L0+1, 0
0x00FC	0x1D03      	BTFSS      STATUS, 2
0x00FD	0x2900      	GOTO       L__ultrasonic_read65
0x00FE	0x3000      	MOVLW      0
0x00FF	0x0643      	XORWF      ultrasonic_read_timeout_L0, 0
L__ultrasonic_read65:
0x0100	0x1D03      	BTFSS      STATUS, 2
0x0101	0x2907      	GOTO       L_ultrasonic_read9
0x0102	0x30E8      	MOVLW      232
0x0103	0x00F0      	MOVWF      R0
0x0104	0x3003      	MOVLW      3
0x0105	0x00F1      	MOVWF      R0+1
0x0106	0x2926      	GOTO       L_end_ultrasonic_read
L_ultrasonic_read9:
0x0107	0x28F1      	GOTO       L_ultrasonic_read7
L_ultrasonic_read8:
;embedproj_kinan.c,58 :: 		timeout = 60000;
0x0108	0x3060      	MOVLW      96
0x0109	0x00C3      	MOVWF      ultrasonic_read_timeout_L0
0x010A	0x30EA      	MOVLW      234
0x010B	0x00C4      	MOVWF      ultrasonic_read_timeout_L0+1
;embedproj_kinan.c,59 :: 		while(PORTB & echo){
L_ultrasonic_read10:
0x010C	0x0840      	MOVF       FARG_ultrasonic_read_echo, 0
0x010D	0x0506      	ANDWF      PORTB, 0
0x010E	0x00F0      	MOVWF      R0
0x010F	0x1903      	BTFSC      STATUS, 2
0x0110	0x2922      	GOTO       L_ultrasonic_read11
;embedproj_kinan.c,60 :: 		count++;
0x0111	0x0AC1      	INCF       ultrasonic_read_count_L0, 1
0x0112	0x1903      	BTFSC      STATUS, 2
0x0113	0x0AC2      	INCF       ultrasonic_read_count_L0+1, 1
;embedproj_kinan.c,61 :: 		if(--timeout==0) break;
0x0114	0x3001      	MOVLW      1
0x0115	0x02C3      	SUBWF      ultrasonic_read_timeout_L0, 1
0x0116	0x1C03      	BTFSS      STATUS, 0
0x0117	0x03C4      	DECF       ultrasonic_read_timeout_L0+1, 1
0x0118	0x3000      	MOVLW      0
0x0119	0x0644      	XORWF      ultrasonic_read_timeout_L0+1, 0
0x011A	0x1D03      	BTFSS      STATUS, 2
0x011B	0x291E      	GOTO       L__ultrasonic_read66
0x011C	0x3000      	MOVLW      0
0x011D	0x0643      	XORWF      ultrasonic_read_timeout_L0, 0
L__ultrasonic_read66:
0x011E	0x1D03      	BTFSS      STATUS, 2
0x011F	0x2921      	GOTO       L_ultrasonic_read12
0x0120	0x2922      	GOTO       L_ultrasonic_read11
L_ultrasonic_read12:
;embedproj_kinan.c,62 :: 		}
0x0121	0x290C      	GOTO       L_ultrasonic_read10
L_ultrasonic_read11:
;embedproj_kinan.c,63 :: 		return count;
0x0122	0x0841      	MOVF       ultrasonic_read_count_L0, 0
0x0123	0x00F0      	MOVWF      R0
0x0124	0x0842      	MOVF       ultrasonic_read_count_L0+1, 0
0x0125	0x00F1      	MOVWF      R0+1
;embedproj_kinan.c,64 :: 		}
L_end_ultrasonic_read:
0x0126	0x0008      	RETURN
; end of _ultrasonic_read
_m_R:
;embedproj_kinan.c,96 :: 		void m_R(int spd){
;embedproj_kinan.c,97 :: 		PORTC = (PORTC & 0b11010110) | 0b00010100;
0x0127	0x30D6      	MOVLW      214
0x0128	0x1283      	BCF        STATUS, 5
0x0129	0x1303      	BCF        STATUS, 6
0x012A	0x0507      	ANDWF      PORTC, 0
0x012B	0x00F0      	MOVWF      R0
0x012C	0x3014      	MOVLW      20
0x012D	0x0470      	IORWF      R0, 0
0x012E	0x0087      	MOVWF      PORTC
;embedproj_kinan.c,98 :: 		CCPR1L = spd; CCPR2L = 0;
0x012F	0x083F      	MOVF       FARG_m_R_spd, 0
0x0130	0x0095      	MOVWF      CCPR1L
0x0131	0x019B      	CLRF       CCPR2L
;embedproj_kinan.c,99 :: 		}
L_end_m_R:
0x0132	0x0008      	RETURN
; end of _m_R
_setServoAngle:
;embedproj_kinan.c,42 :: 		void setServoAngle(unsigned int angle){
;embedproj_kinan.c,43 :: 		if(angle > 180) angle = 180;
0x0133	0x1283      	BCF        STATUS, 5
0x0134	0x1303      	BCF        STATUS, 6
0x0135	0x0840      	MOVF       FARG_setServoAngle_angle+1, 0
0x0136	0x3C00      	SUBLW      0
0x0137	0x1D03      	BTFSS      STATUS, 2
0x0138	0x293B      	GOTO       L__setServoAngle63
0x0139	0x083F      	MOVF       FARG_setServoAngle_angle, 0
0x013A	0x3CB4      	SUBLW      180
L__setServoAngle63:
0x013B	0x1803      	BTFSC      STATUS, 0
0x013C	0x2940      	GOTO       L_setServoAngle5
0x013D	0x30B4      	MOVLW      180
0x013E	0x00BF      	MOVWF      FARG_setServoAngle_angle
0x013F	0x01C0      	CLRF       FARG_setServoAngle_angle+1
L_setServoAngle5:
;embedproj_kinan.c,44 :: 		servoPulse = 10 + (angle * 10) / 180;
0x0140	0x083F      	MOVF       FARG_setServoAngle_angle, 0
0x0141	0x00F0      	MOVWF      R0
0x0142	0x0840      	MOVF       FARG_setServoAngle_angle+1, 0
0x0143	0x00F1      	MOVWF      R0+1
0x0144	0x300A      	MOVLW      10
0x0145	0x00F4      	MOVWF      R4
0x0146	0x3000      	MOVLW      0
0x0147	0x00F5      	MOVWF      R4+1
0x0148	0x206A      	CALL       _Mul_16X16_U
0x0149	0x30B4      	MOVLW      180
0x014A	0x00F4      	MOVWF      R4
0x014B	0x01F5      	CLRF       R4+1
0x014C	0x204D      	CALL       _Div_16X16_U
0x014D	0x0870      	MOVF       R0, 0
0x014E	0x3E0A      	ADDLW      10
0x014F	0x00A9      	MOVWF      _servoPulse
0x0150	0x3000      	MOVLW      0
0x0151	0x1803      	BTFSC      STATUS, 0
0x0152	0x3E01      	ADDLW      1
0x0153	0x0771      	ADDWF      R0+1, 0
0x0154	0x00AA      	MOVWF      _servoPulse+1
;embedproj_kinan.c,45 :: 		}
L_end_setServoAngle:
0x0155	0x0008      	RETURN
; end of _setServoAngle
_main:
0x0156	0x1283      	BCF        STATUS, 5
0x0157	0x1303      	BCF        STATUS, 6
0x0158	0x01A1      	CLRF       _delayTicks
0x0159	0x01A2      	CLRF       34
0x015A	0x01A3      	CLRF       35
0x015B	0x01A4      	CLRF       36
0x015C	0x305A      	MOVLW      90
0x015D	0x00A5      	MOVWF      _TURN_SPEED
0x015E	0x01A6      	CLRF       38
0x015F	0x01A7      	CLRF       _tickCounter
0x0160	0x01A8      	CLRF       40
0x0161	0x300F      	MOVLW      15
0x0162	0x00A9      	MOVWF      _servoPulse
0x0163	0x01AA      	CLRF       42
0x0164	0x30C8      	MOVLW      200
0x0165	0x00AB      	MOVWF      _obstacle_dist
0x0166	0x01AC      	CLRF       44
0x0167	0x3001      	MOVLW      1
0x0168	0x00AD      	MOVWF      _light_is_hi
0x0169	0x30E0      	MOVLW      224
0x016A	0x00AE      	MOVWF      _thresh
0x016B	0x3001      	MOVLW      1
0x016C	0x00AF      	MOVWF      47
0x016D	0x3050      	MOVLW      80
0x016E	0x00B0      	MOVWF      _SPEED
0x016F	0x01B1      	CLRF       49
0x0170	0x01B2      	CLRF       _state
0x0171	0x3050      	MOVLW      80
0x0172	0x00B3      	MOVWF      _RIGHT_SPEED
0x0173	0x01B4      	CLRF       52
0x0174	0x3050      	MOVLW      80
0x0175	0x00B5      	MOVWF      _LEFT_SPEED
0x0176	0x01B6      	CLRF       54
;embedproj_kinan.c,110 :: 		void main(){
;embedproj_kinan.c,112 :: 		delay_ms(3000);
0x0177	0x301F      	MOVLW      31
0x0178	0x00FB      	MOVWF      R11
0x0179	0x3071      	MOVLW      113
0x017A	0x00FC      	MOVWF      R12
0x017B	0x301E      	MOVLW      30
0x017C	0x00FD      	MOVWF      R13
L_main20:
0x017D	0x0BFD      	DECFSZ     R13, 1
0x017E	0x297D      	GOTO       L_main20
0x017F	0x0BFC      	DECFSZ     R12, 1
0x0180	0x297D      	GOTO       L_main20
0x0181	0x0BFB      	DECFSZ     R11, 1
0x0182	0x297D      	GOTO       L_main20
0x0183	0x0000      	NOP
;embedproj_kinan.c,114 :: 		TRISA = 0b00000001; // setting i/o & port values
0x0184	0x3001      	MOVLW      1
0x0185	0x1683      	BSF        STATUS, 5
0x0186	0x0085      	MOVWF      TRISA
;embedproj_kinan.c,115 :: 		TRISB = 0b01000110;
0x0187	0x3046      	MOVLW      70
0x0188	0x0086      	MOVWF      TRISB
;embedproj_kinan.c,116 :: 		TRISC = 0b10000000;
0x0189	0x3080      	MOVLW      128
0x018A	0x0087      	MOVWF      TRISC
;embedproj_kinan.c,117 :: 		TRISD = 0b00110000;
0x018B	0x3030      	MOVLW      48
0x018C	0x0088      	MOVWF      TRISD
;embedproj_kinan.c,119 :: 		PORTA = PORTB = PORTC = PORTD = 0;
0x018D	0x1283      	BCF        STATUS, 5
0x018E	0x0188      	CLRF       PORTD
0x018F	0x0808      	MOVF       PORTD, 0
0x0190	0x0087      	MOVWF      PORTC
0x0191	0x0807      	MOVF       PORTC, 0
0x0192	0x0086      	MOVWF      PORTB
0x0193	0x0806      	MOVF       PORTB, 0
0x0194	0x0085      	MOVWF      PORTA
;embedproj_kinan.c,121 :: 		OPTION_REG = 0b00000010;
0x0195	0x3002      	MOVLW      2
0x0196	0x1683      	BSF        STATUS, 5
0x0197	0x0081      	MOVWF      OPTION_REG
;embedproj_kinan.c,122 :: 		TMR0 = 231;
0x0198	0x30E7      	MOVLW      231
0x0199	0x1283      	BCF        STATUS, 5
0x019A	0x0081      	MOVWF      TMR0
;embedproj_kinan.c,123 :: 		INTCON = 0xA0;
0x019B	0x30A0      	MOVLW      160
0x019C	0x008B      	MOVWF      INTCON
;embedproj_kinan.c,125 :: 		ADCON0 = 0b01000001; // configuring adc
0x019D	0x3041      	MOVLW      65
0x019E	0x009F      	MOVWF      ADCON0
;embedproj_kinan.c,126 :: 		ADCON1 = 0b10000110;
0x019F	0x3086      	MOVLW      134
0x01A0	0x1683      	BSF        STATUS, 5
0x01A1	0x009F      	MOVWF      ADCON1
;embedproj_kinan.c,128 :: 		T2CON = 0x07;
0x01A2	0x3007      	MOVLW      7
0x01A3	0x1283      	BCF        STATUS, 5
0x01A4	0x0092      	MOVWF      T2CON
;embedproj_kinan.c,129 :: 		PR2 = 250;
0x01A5	0x30FA      	MOVLW      250
0x01A6	0x1683      	BSF        STATUS, 5
0x01A7	0x0092      	MOVWF      PR2
;embedproj_kinan.c,130 :: 		CCP1CON = CCP2CON = 0x0C;
0x01A8	0x300C      	MOVLW      12
0x01A9	0x1283      	BCF        STATUS, 5
0x01AA	0x009D      	MOVWF      CCP2CON
0x01AB	0x081D      	MOVF       CCP2CON, 0
0x01AC	0x0097      	MOVWF      CCP1CON
;embedproj_kinan.c,132 :: 		while(1){
L_main21:
;embedproj_kinan.c,134 :: 		if(state == STATE_LINE){
0x01AD	0x0832      	MOVF       _state, 0
0x01AE	0x3A00      	XORLW      0
0x01AF	0x1D03      	BTFSS      STATUS, 2
0x01B0	0x2A09      	GOTO       L_main23
;embedproj_kinan.c,136 :: 		if(!(PORTB & 0x04) && !(PORTB & 0x02))
0x01B1	0x1906      	BTFSC      PORTB, 2
0x01B2	0x29BB      	GOTO       L_main26
0x01B3	0x1886      	BTFSC      PORTB, 1
0x01B4	0x29BB      	GOTO       L_main26
L__main59:
;embedproj_kinan.c,137 :: 		m_F(SPEED);
0x01B5	0x0830      	MOVF       _SPEED, 0
0x01B6	0x00BF      	MOVWF      FARG_m_F_spd
0x01B7	0x0831      	MOVF       _SPEED+1, 0
0x01B8	0x00C0      	MOVWF      FARG_m_F_spd+1
0x01B9	0x20B4      	CALL       _m_F
0x01BA	0x29CC      	GOTO       L_main27
L_main26:
;embedproj_kinan.c,138 :: 		else if(!(PORTB & 0x04))
0x01BB	0x1906      	BTFSC      PORTB, 2
0x01BC	0x29C3      	GOTO       L_main28
;embedproj_kinan.c,139 :: 		m_L(LEFT_SPEED);
0x01BD	0x0835      	MOVF       _LEFT_SPEED, 0
0x01BE	0x00BF      	MOVWF      FARG_m_L_spd
0x01BF	0x0836      	MOVF       _LEFT_SPEED+1, 0
0x01C0	0x00C0      	MOVWF      FARG_m_L_spd+1
0x01C1	0x209C      	CALL       _m_L
0x01C2	0x29CC      	GOTO       L_main29
L_main28:
;embedproj_kinan.c,140 :: 		else if(!(PORTB & 0x02))
0x01C3	0x1886      	BTFSC      PORTB, 1
0x01C4	0x29CB      	GOTO       L_main30
;embedproj_kinan.c,141 :: 		m_R(RIGHT_SPEED);
0x01C5	0x0833      	MOVF       _RIGHT_SPEED, 0
0x01C6	0x00BF      	MOVWF      FARG_m_R_spd
0x01C7	0x0834      	MOVF       _RIGHT_SPEED+1, 0
0x01C8	0x00C0      	MOVWF      FARG_m_R_spd+1
0x01C9	0x2127      	CALL       _m_R
0x01CA	0x29CC      	GOTO       L_main31
L_main30:
;embedproj_kinan.c,143 :: 		s_m();
0x01CB	0x20C1      	CALL       _s_m
L_main31:
L_main29:
L_main27:
;embedproj_kinan.c,145 :: 		delay_us(20);
0x01CC	0x300D      	MOVLW      13
0x01CD	0x00FD      	MOVWF      R13
L_main32:
0x01CE	0x0BFD      	DECFSZ     R13, 1
0x01CF	0x29CE      	GOTO       L_main32
;embedproj_kinan.c,146 :: 		GO_DONE_bit = 1; // set & wait for adc conversion
0x01D0	0x151F      	BSF        GO_DONE_bit, BitPos(GO_DONE_bit+0)
;embedproj_kinan.c,147 :: 		while(GO_DONE_bit);
L_main33:
0x01D1	0x1D1F      	BTFSS      GO_DONE_bit, BitPos(GO_DONE_bit+0)
0x01D2	0x29D4      	GOTO       L_main34
0x01D3	0x29D1      	GOTO       L_main33
L_main34:
;embedproj_kinan.c,148 :: 		adc_value = ((unsigned int)ADRESH << 8) | ADRESL;
0x01D4	0x081E      	MOVF       ADRESH, 0
0x01D5	0x00F3      	MOVWF      R3
0x01D6	0x01F4      	CLRF       R3+1
0x01D7	0x0873      	MOVF       R3, 0
0x01D8	0x00F1      	MOVWF      R0+1
0x01D9	0x01F0      	CLRF       R0
0x01DA	0x1683      	BSF        STATUS, 5
0x01DB	0x081E      	MOVF       ADRESL, 0
0x01DC	0x0470      	IORWF      R0, 0
0x01DD	0x00F2      	MOVWF      R2
0x01DE	0x0871      	MOVF       R0+1, 0
0x01DF	0x00F3      	MOVWF      R2+1
0x01E0	0x3000      	MOVLW      0
0x01E1	0x04F3      	IORWF      R2+1, 1
0x01E2	0x0872      	MOVF       R2, 0
0x01E3	0x1283      	BCF        STATUS, 5
0x01E4	0x00BB      	MOVWF      _adc_value
0x01E5	0x0873      	MOVF       R2+1, 0
0x01E6	0x00BC      	MOVWF      _adc_value+1
;embedproj_kinan.c,150 :: 		if(adc_value > thresh){
0x01E7	0x0873      	MOVF       R2+1, 0
0x01E8	0x022F      	SUBWF      _thresh+1, 0
0x01E9	0x1D03      	BTFSS      STATUS, 2
0x01EA	0x29ED      	GOTO       L__main79
0x01EB	0x0872      	MOVF       R2, 0
0x01EC	0x022E      	SUBWF      _thresh, 0
L__main79:
0x01ED	0x1803      	BTFSC      STATUS, 0
0x01EE	0x29F2      	GOTO       L_main35
;embedproj_kinan.c,151 :: 		PORTD |= (1 << BUZZER_PIN);
0x01EF	0x1508      	BSF        PORTD, 2
;embedproj_kinan.c,152 :: 		light_is_hi = 0; // set states
0x01F0	0x01AD      	CLRF       _light_is_hi
;embedproj_kinan.c,153 :: 		}
0x01F1	0x2A08      	GOTO       L_main36
L_main35:
;embedproj_kinan.c,155 :: 		PORTD &= ~(1 << BUZZER_PIN);
0x01F2	0x1108      	BCF        PORTD, 2
;embedproj_kinan.c,157 :: 		if(light_is_hi == 0){
0x01F3	0x082D      	MOVF       _light_is_hi, 0
0x01F4	0x3A00      	XORLW      0
0x01F5	0x1D03      	BTFSS      STATUS, 2
0x01F6	0x2A08      	GOTO       L_main37
;embedproj_kinan.c,158 :: 		delay_ms(800);
0x01F7	0x3009      	MOVLW      9
0x01F8	0x00FB      	MOVWF      R11
0x01F9	0x301E      	MOVLW      30
0x01FA	0x00FC      	MOVWF      R12
0x01FB	0x30E4      	MOVLW      228
0x01FC	0x00FD      	MOVWF      R13
L_main38:
0x01FD	0x0BFD      	DECFSZ     R13, 1
0x01FE	0x29FD      	GOTO       L_main38
0x01FF	0x0BFC      	DECFSZ     R12, 1
0x0200	0x29FD      	GOTO       L_main38
0x0201	0x0BFB      	DECFSZ     R11, 1
0x0202	0x29FD      	GOTO       L_main38
0x0203	0x0000      	NOP
;embedproj_kinan.c,159 :: 		state = STATE_ULTRASONIC;
0x0204	0x3001      	MOVLW      1
0x0205	0x00B2      	MOVWF      _state
;embedproj_kinan.c,160 :: 		light_is_hi = 1;
0x0206	0x3001      	MOVLW      1
0x0207	0x00AD      	MOVWF      _light_is_hi
;embedproj_kinan.c,161 :: 		}
L_main37:
;embedproj_kinan.c,162 :: 		}
L_main36:
;embedproj_kinan.c,163 :: 		}
0x0208	0x2ABA      	GOTO       L_main39
L_main23:
;embedproj_kinan.c,165 :: 		else if(state == STATE_ULTRASONIC){
0x0209	0x0832      	MOVF       _state, 0
0x020A	0x3A01      	XORLW      1
0x020B	0x1D03      	BTFSS      STATUS, 2
0x020C	0x2A47      	GOTO       L_main40
;embedproj_kinan.c,167 :: 		distance = ultrasonic_read(US_TRIG, US_ECHO);
0x020D	0x3020      	MOVLW      32
0x020E	0x00BF      	MOVWF      FARG_ultrasonic_read_trig
0x020F	0x3040      	MOVLW      64
0x0210	0x00C0      	MOVWF      FARG_ultrasonic_read_echo
0x0211	0x20D6      	CALL       _ultrasonic_read
0x0212	0x0870      	MOVF       R0, 0
0x0213	0x00B9      	MOVWF      _distance
0x0214	0x0871      	MOVF       R0+1, 0
0x0215	0x00BA      	MOVWF      _distance+1
;embedproj_kinan.c,169 :: 		if(distance >= obstacle_dist){
0x0216	0x082C      	MOVF       _obstacle_dist+1, 0
0x0217	0x0271      	SUBWF      R0+1, 0
0x0218	0x1D03      	BTFSS      STATUS, 2
0x0219	0x2A1C      	GOTO       L__main80
0x021A	0x082B      	MOVF       _obstacle_dist, 0
0x021B	0x0270      	SUBWF      R0, 0
L__main80:
0x021C	0x1C03      	BTFSS      STATUS, 0
0x021D	0x2A21      	GOTO       L_main41
;embedproj_kinan.c,170 :: 		state = STATE_IR_AVOID;
0x021E	0x3002      	MOVLW      2
0x021F	0x00B2      	MOVWF      _state
;embedproj_kinan.c,171 :: 		continue;
0x0220	0x29AD      	GOTO       L_main21
;embedproj_kinan.c,172 :: 		}
L_main41:
;embedproj_kinan.c,174 :: 		m_B(SPEED);
0x0221	0x0830      	MOVF       _SPEED, 0
0x0222	0x00BF      	MOVWF      FARG_m_B_spd
0x0223	0x0831      	MOVF       _SPEED+1, 0
0x0224	0x00C0      	MOVWF      FARG_m_B_spd+1
0x0225	0x20C9      	CALL       _m_B
;embedproj_kinan.c,175 :: 		delay_ms(300);
0x0226	0x3004      	MOVLW      4
0x0227	0x00FB      	MOVWF      R11
0x0228	0x300C      	MOVLW      12
0x0229	0x00FC      	MOVWF      R12
0x022A	0x3033      	MOVLW      51
0x022B	0x00FD      	MOVWF      R13
L_main42:
0x022C	0x0BFD      	DECFSZ     R13, 1
0x022D	0x2A2C      	GOTO       L_main42
0x022E	0x0BFC      	DECFSZ     R12, 1
0x022F	0x2A2C      	GOTO       L_main42
0x0230	0x0BFB      	DECFSZ     R11, 1
0x0231	0x2A2C      	GOTO       L_main42
0x0232	0x0000      	NOP
0x0233	0x0000      	NOP
;embedproj_kinan.c,176 :: 		m_R(TURN_SPEED);
0x0234	0x0825      	MOVF       _TURN_SPEED, 0
0x0235	0x00BF      	MOVWF      FARG_m_R_spd
0x0236	0x0826      	MOVF       _TURN_SPEED+1, 0
0x0237	0x00C0      	MOVWF      FARG_m_R_spd+1
0x0238	0x2127      	CALL       _m_R
;embedproj_kinan.c,177 :: 		delay_ms(400);
0x0239	0x3005      	MOVLW      5
0x023A	0x00FB      	MOVWF      R11
0x023B	0x300F      	MOVLW      15
0x023C	0x00FC      	MOVWF      R12
0x023D	0x30F1      	MOVLW      241
0x023E	0x00FD      	MOVWF      R13
L_main43:
0x023F	0x0BFD      	DECFSZ     R13, 1
0x0240	0x2A3F      	GOTO       L_main43
0x0241	0x0BFC      	DECFSZ     R12, 1
0x0242	0x2A3F      	GOTO       L_main43
0x0243	0x0BFB      	DECFSZ     R11, 1
0x0244	0x2A3F      	GOTO       L_main43
;embedproj_kinan.c,178 :: 		s_m();
0x0245	0x20C1      	CALL       _s_m
;embedproj_kinan.c,179 :: 		}
0x0246	0x2ABA      	GOTO       L_main44
L_main40:
;embedproj_kinan.c,181 :: 		else if(state == STATE_IR_AVOID){
0x0247	0x0832      	MOVF       _state, 0
0x0248	0x3A02      	XORLW      2
0x0249	0x1D03      	BTFSS      STATUS, 2
0x024A	0x2A75      	GOTO       L_main45
;embedproj_kinan.c,183 :: 		if((PORTB & 0x06) == 0x06){
0x024B	0x3006      	MOVLW      6
0x024C	0x0506      	ANDWF      PORTB, 0
0x024D	0x00F1      	MOVWF      R1
0x024E	0x0871      	MOVF       R1, 0
0x024F	0x3A06      	XORLW      6
0x0250	0x1D03      	BTFSS      STATUS, 2
0x0251	0x2A55      	GOTO       L_main46
;embedproj_kinan.c,184 :: 		state = STATE_FINAL;
0x0252	0x3003      	MOVLW      3
0x0253	0x00B2      	MOVWF      _state
;embedproj_kinan.c,185 :: 		continue;
0x0254	0x29AD      	GOTO       L_main21
;embedproj_kinan.c,186 :: 		}
L_main46:
;embedproj_kinan.c,188 :: 		if((PORTD & IR_RIGHT_RD5) == 0)
0x0255	0x3020      	MOVLW      32
0x0256	0x0508      	ANDWF      PORTD, 0
0x0257	0x00F1      	MOVWF      R1
0x0258	0x0871      	MOVF       R1, 0
0x0259	0x3A00      	XORLW      0
0x025A	0x1D03      	BTFSS      STATUS, 2
0x025B	0x2A62      	GOTO       L_main47
;embedproj_kinan.c,189 :: 		m_L(TURN_SPEED);
0x025C	0x0825      	MOVF       _TURN_SPEED, 0
0x025D	0x00BF      	MOVWF      FARG_m_L_spd
0x025E	0x0826      	MOVF       _TURN_SPEED+1, 0
0x025F	0x00C0      	MOVWF      FARG_m_L_spd+1
0x0260	0x209C      	CALL       _m_L
0x0261	0x2A74      	GOTO       L_main48
L_main47:
;embedproj_kinan.c,190 :: 		else if((PORTD & IR_LEFT_RD4) == 0)
0x0262	0x3010      	MOVLW      16
0x0263	0x0508      	ANDWF      PORTD, 0
0x0264	0x00F1      	MOVWF      R1
0x0265	0x0871      	MOVF       R1, 0
0x0266	0x3A00      	XORLW      0
0x0267	0x1D03      	BTFSS      STATUS, 2
0x0268	0x2A6F      	GOTO       L_main49
;embedproj_kinan.c,191 :: 		m_R(TURN_SPEED);
0x0269	0x0825      	MOVF       _TURN_SPEED, 0
0x026A	0x00BF      	MOVWF      FARG_m_R_spd
0x026B	0x0826      	MOVF       _TURN_SPEED+1, 0
0x026C	0x00C0      	MOVWF      FARG_m_R_spd+1
0x026D	0x2127      	CALL       _m_R
0x026E	0x2A74      	GOTO       L_main50
L_main49:
;embedproj_kinan.c,193 :: 		m_F(SPEED);
0x026F	0x0830      	MOVF       _SPEED, 0
0x0270	0x00BF      	MOVWF      FARG_m_F_spd
0x0271	0x0831      	MOVF       _SPEED+1, 0
0x0272	0x00C0      	MOVWF      FARG_m_F_spd+1
0x0273	0x20B4      	CALL       _m_F
L_main50:
L_main48:
;embedproj_kinan.c,194 :: 		}
0x0274	0x2ABA      	GOTO       L_main51
L_main45:
;embedproj_kinan.c,196 :: 		else if(state == STATE_FINAL){
0x0275	0x0832      	MOVF       _state, 0
0x0276	0x3A03      	XORLW      3
0x0277	0x1D03      	BTFSS      STATUS, 2
0x0278	0x2ABA      	GOTO       L_main52
;embedproj_kinan.c,198 :: 		PORTD |= (1 << BUZZER_PIN);
0x0279	0x1508      	BSF        PORTD, 2
;embedproj_kinan.c,199 :: 		delay_ms(200);
0x027A	0x3003      	MOVLW      3
0x027B	0x00FB      	MOVWF      R11
0x027C	0x3008      	MOVLW      8
0x027D	0x00FC      	MOVWF      R12
0x027E	0x3077      	MOVLW      119
0x027F	0x00FD      	MOVWF      R13
L_main53:
0x0280	0x0BFD      	DECFSZ     R13, 1
0x0281	0x2A80      	GOTO       L_main53
0x0282	0x0BFC      	DECFSZ     R12, 1
0x0283	0x2A80      	GOTO       L_main53
0x0284	0x0BFB      	DECFSZ     R11, 1
0x0285	0x2A80      	GOTO       L_main53
;embedproj_kinan.c,200 :: 		PORTD &= ~(1 << BUZZER_PIN);
0x0286	0x1108      	BCF        PORTD, 2
;embedproj_kinan.c,201 :: 		delay_ms(200);
0x0287	0x3003      	MOVLW      3
0x0288	0x00FB      	MOVWF      R11
0x0289	0x3008      	MOVLW      8
0x028A	0x00FC      	MOVWF      R12
0x028B	0x3077      	MOVLW      119
0x028C	0x00FD      	MOVWF      R13
L_main54:
0x028D	0x0BFD      	DECFSZ     R13, 1
0x028E	0x2A8D      	GOTO       L_main54
0x028F	0x0BFC      	DECFSZ     R12, 1
0x0290	0x2A8D      	GOTO       L_main54
0x0291	0x0BFB      	DECFSZ     R11, 1
0x0292	0x2A8D      	GOTO       L_main54
;embedproj_kinan.c,203 :: 		s_m();
0x0293	0x20C1      	CALL       _s_m
;embedproj_kinan.c,204 :: 		delay_ms(500);
0x0294	0x3006      	MOVLW      6
0x0295	0x00FB      	MOVWF      R11
0x0296	0x3013      	MOVLW      19
0x0297	0x00FC      	MOVWF      R12
0x0298	0x30AD      	MOVLW      173
0x0299	0x00FD      	MOVWF      R13
L_main55:
0x029A	0x0BFD      	DECFSZ     R13, 1
0x029B	0x2A9A      	GOTO       L_main55
0x029C	0x0BFC      	DECFSZ     R12, 1
0x029D	0x2A9A      	GOTO       L_main55
0x029E	0x0BFB      	DECFSZ     R11, 1
0x029F	0x2A9A      	GOTO       L_main55
0x02A0	0x0000      	NOP
0x02A1	0x0000      	NOP
;embedproj_kinan.c,206 :: 		m_F(SPEED);
0x02A2	0x0830      	MOVF       _SPEED, 0
0x02A3	0x00BF      	MOVWF      FARG_m_F_spd
0x02A4	0x0831      	MOVF       _SPEED+1, 0
0x02A5	0x00C0      	MOVWF      FARG_m_F_spd+1
0x02A6	0x20B4      	CALL       _m_F
;embedproj_kinan.c,207 :: 		delay_ms(600);
0x02A7	0x3007      	MOVLW      7
0x02A8	0x00FB      	MOVWF      R11
0x02A9	0x3017      	MOVLW      23
0x02AA	0x00FC      	MOVWF      R12
0x02AB	0x306A      	MOVLW      106
0x02AC	0x00FD      	MOVWF      R13
L_main56:
0x02AD	0x0BFD      	DECFSZ     R13, 1
0x02AE	0x2AAD      	GOTO       L_main56
0x02AF	0x0BFC      	DECFSZ     R12, 1
0x02B0	0x2AAD      	GOTO       L_main56
0x02B1	0x0BFB      	DECFSZ     R11, 1
0x02B2	0x2AAD      	GOTO       L_main56
0x02B3	0x0000      	NOP
;embedproj_kinan.c,209 :: 		s_m();
0x02B4	0x20C1      	CALL       _s_m
;embedproj_kinan.c,210 :: 		setServoAngle(180);
0x02B5	0x30B4      	MOVLW      180
0x02B6	0x00BF      	MOVWF      FARG_setServoAngle_angle
0x02B7	0x01C0      	CLRF       FARG_setServoAngle_angle+1
0x02B8	0x2133      	CALL       _setServoAngle
;embedproj_kinan.c,212 :: 		while(1);
L_main57:
0x02B9	0x2AB9      	GOTO       L_main57
;embedproj_kinan.c,213 :: 		}
L_main52:
L_main51:
L_main44:
L_main39:
;embedproj_kinan.c,214 :: 		}
0x02BA	0x29AD      	GOTO       L_main21
;embedproj_kinan.c,215 :: 		}
L_end_main:
0x02BB	0x2ABB      	GOTO       $+0
; end of _main
Symbol List:
//** Routines locations **
//ADDRESS    SIZE    PROCEDURE
//----------------------------------------------
0x0004      [73]    _interrupt
0x004D      [29]    _Div_16X16_U
0x006A      [43]    _Mul_16X16_U
0x0095       [7]    _____DoICP
0x009C      [12]    _m_L
0x00A8      [12]    ___CC2DW
0x00B4      [13]    _m_F
0x00C1       [8]    _s_m
0x00C9      [13]    _m_B
0x00D6      [81]    _ultrasonic_read
0x0127      [12]    _m_R
0x0133      [35]    _setServoAngle
0x0156     [358]    _main
//** Variables locations ** 
//ADDRESS    SIZE    VARIABLE
//----------------------------------------------
0x0000       [1]    INDF
0x0001       [1]    TMR0
0x0002       [1]    PCL
0x0003       [1]    STATUS
0x0004       [1]    FSR
0x0005       [1]    PORTA
0x0006       [1]    PORTB
0x0007       [1]    PORTC
0x0008       [1]    PORTD
0x000A       [1]    PCLATH
0x000B       [1]    INTCON
0x0012       [1]    T2CON
0x0015       [1]    CCPR1L
0x0017       [1]    CCP1CON
0x001B       [1]    CCPR2L
0x001D       [1]    CCP2CON
0x001E       [1]    ADRESH
0x001F       [1]    ADCON0
0x001F       [0]    GO_DONE_bit
0x0021       [4]    _delayTicks
0x0025       [2]    _TURN_SPEED
0x0027       [2]    _tickCounter
0x0029       [2]    _servoPulse
0x002B       [2]    _obstacle_dist
0x002D       [1]    _light_is_hi
0x002E       [2]    _thresh
0x0030       [2]    _SPEED
0x0032       [1]    _state
0x0033       [2]    _RIGHT_SPEED
0x0035       [2]    _LEFT_SPEED
0x0037       [2]    ___DoICPAddr
0x0039       [2]    _distance
0x003B       [2]    _adc_value
0x003D       [1]    ___savePCLATH
0x003E       [1]    ___saveSTATUS
0x003F       [2]    FARG_m_L_spd
0x003F       [2]    FARG_m_R_spd
0x003F       [1]    FARG_ultrasonic_read_trig
0x003F       [2]    FARG_setServoAngle_angle
0x003F       [2]    FARG_m_B_spd
0x003F       [2]    FARG_m_F_spd
0x0040       [1]    FARG_ultrasonic_read_echo
0x0041       [2]    ultrasonic_read_count_L0
0x0043       [2]    ultrasonic_read_timeout_L0
0x0070       [1]    R0
0x0071       [1]    R1
0x0072       [1]    R2
0x0073       [1]    R3
0x0074       [1]    R4
0x0075       [1]    R5
0x0076       [1]    R6
0x0077       [1]    R7
0x0078       [1]    R8
0x0079       [1]    R9
0x007A       [1]    R10
0x007B       [1]    R11
0x007C       [1]    R12
0x007D       [1]    R13
0x007E       [1]    R14
0x007F       [1]    R15
0x0081       [1]    OPTION_REG
0x0085       [1]    TRISA
0x0086       [1]    TRISB
0x0087       [1]    TRISC
0x0088       [1]    TRISD
0x0092       [1]    PR2
0x009E       [1]    ADRESL
0x009F       [1]    ADCON1
